datos: array (
  'idProducto' => '9',
  'nombre' => 'Cargador USB-',
  'descripcion' => 'Cargador rápido 30W',
  'precio' => 0,
)datos: array (
  'idProducto' => '9',
  'nombre' => 'Cargador USB-',
  'descripcion' => 'Cargador rápido 30W',
  'precio' => 0,
)datos: array (
  'idProducto' => '9',
  'nombre' => 'Cargador USB-',
  'descripcion' => 'Cargador rápido 30W',
  'precio' => 0,
)datos: array (
  'idProducto' => '9',
  'nombre' => 'Cargador USB-',
  'descripcion' => 'Cargador rápido 30W',
  'precio' => '10.2',
)datos: array (
  'idProducto' => '9',
  'nombre' => 'Cargador USB-C',
  'descripcion' => 'Cargador rápido 30W',
  'precio' => '10.2',
)