Productos: array (
  0 => 
  array (
    'id' => 5,
    'Nombre' => 'Cambio de cadena',
    'Descripcion' => 'Servicio completo de cambio de cadena',
    'Estado' => 'nuevo',
    'id_comercio' => 3,
    'Precio' => NULL,
    'id_categoria' => 48,
    'nombre_categoria' => 'Vinos y licores',
    'rutas_imagenes' => 
    array (
      0 => 
      array (
        'ruta' => 'uploads/productos/cambio_cadena.jpg',
      ),
    ),
  ),
  1 => 
  array (
    'id' => 6,
    'Nombre' => 'Neumático 26"',
    'Descripcion' => 'Neumático para MTB tamaño 26 pulgadas',
    'Estado' => 'nuevo',
    'id_comercio' => 3,
    'Precio' => NULL,
    'id_categoria' => 48,
    'nombre_categoria' => 'Vinos y licores',
    'rutas_imagenes' => 
    array (
      0 => 
      array (
        'ruta' => 'uploads/productos/neumatico26.jpg',
      ),
      1 => 
      array (
        'ruta' => 'uploads/productos/neumatico26_tread.jpg',
      ),
    ),
  ),
  2 => 
  array (
    'id' => 25,
    'Nombre' => 'Guantes ciclismo',
    'Descripcion' => 'Guantes para manos con gel',
    'Estado' => 'nuevo',
    'id_comercio' => 3,
    'Precio' => NULL,
    'id_categoria' => 31,
    'nombre_categoria' => 'Herramientas y ferretería',
    'rutas_imagenes' => 
    array (
      0 => 
      array (
        'ruta' => 'uploads/productos/guantes_ciclismo.jpg',
      ),
      1 => 
      array (
        'ruta' => 'uploads/productos/guantes_ciclismo_pair.jpg',
      ),
    ),
  ),
)Productos: array (
  0 => 
  array (
    'id' => 5,
    'Nombre' => 'Cambio de cadena',
    'Descripcion' => 'Servicio completo de cambio de cadena',
    'Estado' => 'nuevo',
    'id_comercio' => 3,
    'Precio' => NULL,
    'id_categoria' => 48,
    'Categoria' => 'Vinos y licores',
    'rutas_imagenes' => 
    array (
      0 => 
      array (
        'ruta' => 'uploads/productos/cambio_cadena.jpg',
      ),
    ),
  ),
  1 => 
  array (
    'id' => 6,
    'Nombre' => 'Neumático 26"',
    'Descripcion' => 'Neumático para MTB tamaño 26 pulgadas',
    'Estado' => 'nuevo',
    'id_comercio' => 3,
    'Precio' => NULL,
    'id_categoria' => 48,
    'Categoria' => 'Vinos y licores',
    'rutas_imagenes' => 
    array (
      0 => 
      array (
        'ruta' => 'uploads/productos/neumatico26.jpg',
      ),
      1 => 
      array (
        'ruta' => 'uploads/productos/neumatico26_tread.jpg',
      ),
    ),
  ),
  2 => 
  array (
    'id' => 25,
    'Nombre' => 'Guantes ciclismo',
    'Descripcion' => 'Guantes para manos con gel',
    'Estado' => 'nuevo',
    'id_comercio' => 3,
    'Precio' => NULL,
    'id_categoria' => 31,
    'Categoria' => 'Herramientas y ferretería',
    'rutas_imagenes' => 
    array (
      0 => 
      array (
        'ruta' => 'uploads/productos/guantes_ciclismo.jpg',
      ),
      1 => 
      array (
        'ruta' => 'uploads/productos/guantes_ciclismo_pair.jpg',
      ),
    ),
  ),
)Productos: array (
  0 => 
  array (
    'id' => 5,
    'Nombre' => 'Cambio de cadena',
    'Descripcion' => 'Servicio completo de cambio de cadena',
    'Estado' => 'nuevo',
    'id_comercio' => 3,
    'Precio' => NULL,
    'id_categoria' => 48,
    'Categoria' => 'Vinos y licores',
    'rutas_imagenes' => 
    array (
      0 => 
      array (
        'ruta' => 'uploads/productos/cambio_cadena.jpg',
      ),
    ),
  ),
  1 => 
  array (
    'id' => 6,
    'Nombre' => 'Neumático 26"',
    'Descripcion' => 'Neumático para MTB tamaño 26 pulgadas',
    'Estado' => 'nuevo',
    'id_comercio' => 3,
    'Precio' => NULL,
    'id_categoria' => 48,
    'Categoria' => 'Vinos y licores',
    'rutas_imagenes' => 
    array (
      0 => 
      array (
        'ruta' => 'uploads/productos/neumatico26.jpg',
      ),
      1 => 
      array (
        'ruta' => 'uploads/productos/neumatico26_tread.jpg',
      ),
    ),
  ),
  2 => 
  array (
    'id' => 25,
    'Nombre' => 'Guantes ciclismo',
    'Descripcion' => 'Guantes para manos con gel',
    'Estado' => 'nuevo',
    'id_comercio' => 3,
    'Precio' => NULL,
    'id_categoria' => 31,
    'Categoria' => 'Herramientas y ferretería',
    'rutas_imagenes' => 
    array (
      0 => 
      array (
        'ruta' => 'uploads/productos/guantes_ciclismo.jpg',
      ),
      1 => 
      array (
        'ruta' => 'uploads/productos/guantes_ciclismo_pair.jpg',
      ),
    ),
  ),
)Productos: array (
  0 => 
  array (
    'id' => 1,
    'Nombre' => 'Café Espresso 250g',
    'Descripcion' => 'Café tostado de mezcla selecta - bolsas de 250g',
    'Estado' => 'nuevo',
    'id_comercio' => 1,
    'Precio' => 6.9,
    'id_categoria' => 47,
    'Categoria' => 'Alimentación y bebidas',
    'rutas_imagenes' => 
    array (
      0 => 
      array (
        'ruta' => 'uploads/comercios/cafe_250.jpg',
      ),
    ),
  ),
  1 => 
  array (
    'id' => 2,
    'Nombre' => 'Taza de cerámica',
    'Descripcion' => 'Taza artesanal 300ml',
    'Estado' => 'nuevo',
    'id_comercio' => 1,
    'Precio' => 8.5,
    'id_categoria' => 23,
    'Categoria' => 'Hogar y cocina',
    'rutas_imagenes' => 
    array (
      0 => 
      array (
        'ruta' => 'uploads/productos/taza_ceramica.jpg',
      ),
    ),
  ),
)Productos: array (
  0 => 
  array (
    'id' => 1,
    'Nombre' => 'Café Espresso 250g',
    'Descripcion' => 'Café tostado de mezcla selecta - bolsas de 250g',
    'Estado' => 'nuevo',
    'id_comercio' => 1,
    'Precio' => 6.9,
    'id_categoria' => 47,
    'Categoria' => 'Alimentación y bebidas',
    'rutas_imagenes' => 
    array (
      0 => 
      array (
        'ruta' => 'uploads/comercios/cafe_250.jpg',
      ),
    ),
  ),
  1 => 
  array (
    'id' => 2,
    'Nombre' => 'Taza de cerámica',
    'Descripcion' => 'Taza artesanal 300ml',
    'Estado' => 'nuevo',
    'id_comercio' => 1,
    'Precio' => 8.5,
    'id_categoria' => 23,
    'Categoria' => 'Hogar y cocina',
    'rutas_imagenes' => 
    array (
      0 => 
      array (
        'ruta' => 'uploads/productos/taza_ceramica.jpg',
      ),
    ),
  ),
)Productos: array (
  0 => 
  array (
    'id' => 17,
    'Nombre' => 'Baguette artesanal',
    'Descripcion' => 'Pan recién horneado 300g',
    'Estado' => 'nuevo',
    'id_comercio' => 9,
    'Precio' => 1.5,
    'id_categoria' => 47,
    'Categoria' => 'Alimentación y bebidas',
    'rutas_imagenes' => 
    array (
      0 => 
      array (
        'ruta' => 'uploads/productos/baguette.jpg',
      ),
    ),
  ),
  1 => 
  array (
    'id' => 18,
    'Nombre' => 'Croissant mantequilla',
    'Descripcion' => 'Croissant tradicional',
    'Estado' => 'nuevo',
    'id_comercio' => 9,
    'Precio' => 1.8,
    'id_categoria' => 47,
    'Categoria' => 'Alimentación y bebidas',
    'rutas_imagenes' => 
    array (
      0 => 
      array (
        'ruta' => 'uploads/productos/croissant.jpg',
      ),
    ),
  ),
)Productos: array (
  0 => 
  array (
    'id' => 13,
    'Nombre' => 'Anillo de plata',
    'Descripcion' => 'Anillo sencillo en plata 925',
    'Estado' => 'nuevo',
    'id_comercio' => 7,
    'Precio' => 42.0,
    'id_categoria' => 15,
    'Categoria' => 'Relojes y joyería',
    'rutas_imagenes' => 
    array (
      0 => 
      array (
        'ruta' => 'uploads/productos/anillo_plata.jpg',
      ),
    ),
  ),
  1 => 
  array (
    'id' => 14,
    'Nombre' => 'Reloj clásico',
    'Descripcion' => 'Reloj analógico con correa de cuero',
    'Estado' => 'nuevo',
    'id_comercio' => 7,
    'Precio' => 89.0,
    'id_categoria' => 15,
    'Categoria' => 'Relojes y joyería',
    'rutas_imagenes' => 
    array (
      0 => 
      array (
        'ruta' => 'uploads/productos/reloj_clasico.jpg',
      ),
    ),
  ),
  2 => 
  array (
    'id' => 30,
    'Nombre' => 'Mantenimiento reloj',
    'Descripcion' => 'Servicio oficial de mantenimiento y pulido',
    'Estado' => 'nuevo',
    'id_comercio' => 7,
    'Precio' => 35.0,
    'id_categoria' => 15,
    'Categoria' => 'Relojes y joyería',
    'rutas_imagenes' => 
    array (
      0 => 
      array (
        'ruta' => 'uploads/productos/mantenimiento_reloj.jpg',
      ),
    ),
  ),
)Productos: array (
  0 => 
  array (
    'id' => 7,
    'Nombre' => 'Vestido veraniego S',
    'Descripcion' => 'Vestido algodón orgánico talla S',
    'Estado' => 'nuevo',
    'id_comercio' => 4,
    'Precio' => 39.99,
    'id_categoria' => 10,
    'Categoria' => 'Moda para mujer',
    'rutas_imagenes' => 
    array (
      0 => 
      array (
        'ruta' => 'uploads/productos/vestido_verano.jpg',
      ),
    ),
  ),
  1 => 
  array (
    'id' => 8,
    'Nombre' => 'Camiseta básica M',
    'Descripcion' => 'Camiseta 100% algodón talla M',
    'Estado' => 'nuevo',
    'id_comercio' => 4,
    'Precio' => 15.99,
    'id_categoria' => 11,
    'Categoria' => 'Moda para hombre',
    'rutas_imagenes' => 
    array (
      0 => 
      array (
        'ruta' => 'uploads/productos/camiseta_basica.jpg',
      ),
    ),
  ),
  2 => 
  array (
    'id' => 27,
    'Nombre' => 'Bolso sostenible',
    'Descripcion' => 'Bolso hecho de materiales reciclados',
    'Estado' => 'nuevo',
    'id_comercio' => 4,
    'Precio' => 49.0,
    'id_categoria' => 14,
    'Categoria' => 'Complementos de moda',
    'rutas_imagenes' => 
    array (
      0 => 
      array (
        'ruta' => 'uploads/productos/bolso_sostenible.jpg',
      ),
    ),
  ),
)Productos: array (
  0 => 
  array (
    'id' => 15,
    'Nombre' => 'Cuaderno A4 80 hojas',
    'Descripcion' => 'Cuaderno espiral A4 80 hojas',
    'Estado' => 'nuevo',
    'id_comercio' => 8,
    'Precio' => 3.9,
    'id_categoria' => 39,
    'Categoria' => 'Oficina y papelería',
    'rutas_imagenes' => 
    array (
      0 => 
      array (
        'ruta' => 'uploads/productos/cuaderno_a4.jpg',
      ),
    ),
  ),
  1 => 
  array (
    'id' => 16,
    'Nombre' => 'Bolígrafo gel',
    'Descripcion' => 'Pack 3 bolígrafos de gel',
    'Estado' => 'nuevo',
    'id_comercio' => 8,
    'Precio' => 2.5,
    'id_categoria' => 39,
    'Categoria' => 'Oficina y papelería',
    'rutas_imagenes' => 
    array (
      0 => 
      array (
        'ruta' => 'uploads/productos/boligrafo_pack.jpg',
      ),
    ),
  ),
)Productos: array (
  0 => 
  array (
    'id' => 23,
    'Nombre' => 'Reparación lavadora',
    'Descripcion' => 'Diagnóstico y reparación de lavadora',
    'Estado' => 'nuevo',
    'id_comercio' => 12,
    'Precio' => 40.0,
    'id_categoria' => 27,
    'Categoria' => 'Electrodomésticos',
    'rutas_imagenes' => 
    array (
      0 => 
      array (
        'ruta' => 'uploads/productos/servicio_lavadora.jpg',
      ),
    ),
  ),
  1 => 
  array (
    'id' => 24,
    'Nombre' => 'Juego de destornilladores',
    'Descripcion' => 'Set 6 piezas magnéticas',
    'Estado' => 'nuevo',
    'id_comercio' => 12,
    'Precio' => 14.5,
    'id_categoria' => 31,
    'Categoria' => 'Herramientas y ferretería',
    'rutas_imagenes' => 
    array (
      0 => 
      array (
        'ruta' => 'uploads/productos/destornilladores.jpg',
      ),
    ),
  ),
)